<?xml version="1.0" encoding="UTF-8"?>
<testng-results skipped="0" failed="0" ignored="0" total="1" passed="1">
  <reporter-output>
  </reporter-output>
  <suite name="Suite1" duration-ms="22307" started-at="2018-01-07T17:51:15Z" finished-at="2018-01-07T17:51:37Z">
    <groups>
      <group name="smoke">
        <method signature="TestGoogle.testGoogle()[pri:1, instance:com.framework.tests.TestGoogle@3183b14d]" name="testGoogle" class="com.framework.tests.TestGoogle"/>
      </group> <!-- smoke -->
    </groups>
    <test name="Google" duration-ms="22307" started-at="2018-01-07T17:51:15Z" finished-at="2018-01-07T17:51:37Z">
      <class name="com.framework.tests.TestGoogle">
        <test-method status="PASS" signature="testGoogle()[pri:1, instance:com.framework.tests.TestGoogle@3183b14d]" name="testGoogle" duration-ms="22284" started-at="2018-01-07T23:21:15Z" finished-at="2018-01-07T23:21:37Z">
          <reporter-output>
          </reporter-output>
        </test-method> <!-- testGoogle -->
      </class> <!-- com.framework.tests.TestGoogle -->
    </test> <!-- Google -->
  </suite> <!-- Suite1 -->
</testng-results>
